{
  "stats": {
    "suites": 2,
    "tests": 3,
    "passes": 2,
    "pending": 0,
    "failures": 1,
    "start": "2023-11-16T16:48:16.368Z",
    "end": "2023-11-16T16:49:17.615Z",
    "duration": 61247,
    "testsRegistered": 3,
    "passPercent": 66.66666666666666,
    "pendingPercent": 0,
    "other": 0,
    "hasOther": false,
    "skipped": 0,
    "hasSkipped": false
  },
  "results": [
    {
      "uuid": "ba1808f5-0b17-49ab-b1c9-c9de439d812c",
      "title": "",
      "fullFile": "",
      "file": "",
      "beforeHooks": [],
      "afterHooks": [],
      "tests": [],
      "suites": [
        {
          "uuid": "1e66f99e-f226-4f51-9857-f713554d06df",
          "title": "Funcionalidade adicionar tarefas",
          "fullFile": "C:\\Users\\naiar\\OneDrive\\Área de Trabalho\\AulaSelenium\\test\\secondtest.js",
          "file": "\\test\\secondtest.js",
          "beforeHooks": [],
          "afterHooks": [],
          "tests": [
            {
              "title": "Adicionar 10 tarefas a nossa lista com sucesso",
              "fullTitle": "Funcionalidade adicionar tarefas Adicionar 10 tarefas a nossa lista com sucesso",
              "timedOut": null,
              "duration": 47517,
              "state": "passed",
              "speed": "slow",
              "pass": true,
              "fail": false,
              "pending": false,
              "context": null,
              "code": "//Declarar o navegador\nlet driver = await new Builder().forBrowser(\"firefox\").build();\n//Navegar até o site\nawait driver.get(\"https://herziopinto.github.io/lista-de-tarefas/\");\n//Lista de iténs\nlet estudar = [\"Aprender Selenium\",\"Aprender JavaScript\", \"Aprender Java\",\"Aprender C#\",\"Aprender CSS\",\"Aprender HTML\",\"Aprender Cypress\",\"Aprender Metodologia Ágil\",\"Aprender Git\",\"Aprender GitHub\"]\n//adicionar 10 tarefas\nawait driver.findElement(By.id(\"inputTask\")).sendKeys(estudar[0],Key.RETURN);\nawait driver.findElement(By.id(\"inputTask\")).sendKeys(estudar[1],Key.RETURN);\nawait driver.findElement(By.id(\"inputTask\")).sendKeys(estudar[2],Key.RETURN);\nawait driver.findElement(By.id(\"inputTask\")).sendKeys(estudar[3],Key.RETURN);\nawait driver.findElement(By.id(\"inputTask\")).sendKeys(estudar[4],Key.RETURN);\nawait driver.findElement(By.id(\"inputTask\")).sendKeys(estudar[5],Key.RETURN);\nawait driver.findElement(By.id(\"inputTask\")).sendKeys(estudar[6],Key.RETURN);\nawait driver.findElement(By.id(\"inputTask\")).sendKeys(estudar[7],Key.RETURN);\nawait driver.findElement(By.id(\"inputTask\")).sendKeys(estudar[8],Key.RETURN);\nawait driver.findElement(By.id(\"inputTask\")).sendKeys(estudar[9],Key.RETURN);\n//Fechar browser\nawait driver.quit()",
              "err": {},
              "uuid": "5ee60c03-6682-427f-822d-6ae641802fa4",
              "parentUUID": null,
              "isHook": false,
              "skipped": false
            }
          ],
          "suites": [],
          "passes": [
            "5ee60c03-6682-427f-822d-6ae641802fa4"
          ],
          "failures": [],
          "pending": [],
          "skipped": [],
          "duration": 47517,
          "root": false,
          "rootEmpty": false,
          "_timeout": null
        },
        {
          "uuid": "37a09667-638a-4809-9560-1ba534134cf6",
          "title": "Segundo teste",
          "fullFile": "C:\\Users\\naiar\\OneDrive\\Área de Trabalho\\AulaSelenium\\test\\secondtestparallel.js",
          "file": "\\test\\secondtestparallel.js",
          "beforeHooks": [],
          "afterHooks": [],
          "tests": [
            {
              "title": "Segundo local de teste",
              "fullTitle": "Segundo teste Segundo local de teste",
              "timedOut": null,
              "duration": 47583,
              "state": "passed",
              "speed": "slow",
              "pass": true,
              "fail": false,
              "pending": false,
              "context": null,
              "code": "//Declarar o navegador\nlet driver = await new Builder().forBrowser(\"firefox\").build();\n//Navegar até o site\nawait driver.get(\"https://herziopinto.github.io/lista-de-tarefas/\");\n//Lista de iténs\nlet estudar = [\"Aprender Selenium\"]\n//adicionar 10 tarefas\nawait driver.findElement(By.id(\"inputTask\")).sendKeys(estudar[0],Key.RETURN);\n//assert\nlet estudar0 = await driver.findElement(By.xpath(\"/html/body/div/section/ul/li[1]/label\")).getText().then(function(value){return value});\n //assert usando chai should\n estudar0.should.equal(\"Aprender Selenium\")\n//Fechar browser\nawait driver.quit()",
              "err": {},
              "uuid": "f2d62d62-1c68-4038-865a-017e11fd6a49",
              "parentUUID": null,
              "isHook": false,
              "skipped": false
            },
            {
              "title": "Segundo local de teste",
              "fullTitle": "Segundo teste Segundo local de teste",
              "timedOut": null,
              "duration": 12618,
              "state": "failed",
              "speed": null,
              "pass": false,
              "fail": true,
              "pending": false,
              "context": null,
              "code": "//Declarar o navegador\n    let driver = await new Builder().forBrowser(\"firefox\").build();\n    \n    //Navegar até o site\n    await driver.get(\"https://herziopinto.github.io/lista-de-tarefas/\");\n    \n    //Lista de iténs\n    let estudar = [\"Aprender Selenium\"]\n    \n    //adicionar 10 tarefas\n    await driver.findElement(By.id(\"inputTask\")).sendKeys(estudar[0],Key.RETURN);\n    \n    //assert\n    let estudar0 = await driver.findElement(By.xpath(\"/html/body/div/section/ul/li[1]/label\")).getText().then(function(value){return value});\n    \n     //assert usando chai should\n     estudar0.should.equal(\"Aprender JavaScript\")\n    \n    //Fechar browser\n    await driver.quit()",
              "err": {
                "message": "AssertionError: expected 'Aprender Selenium' to equal 'Aprender JavaScript'",
                "estack": "AssertionError: expected 'Aprender Selenium' to equal 'Aprender JavaScript'\n    at Context.<anonymous> (test\\secondtestparallel.js:50:22)\n    at process.processTicksAndRejections (node:internal/process/task_queues:95:5)",
                "diff": "- Aprender Selenium\n+ Aprender JavaScript\n"
              },
              "uuid": "dc19c7ab-fc43-43c4-9079-a7ec93104ea0",
              "parentUUID": null,
              "isHook": false,
              "skipped": false
            }
          ],
          "suites": [],
          "passes": [
            "f2d62d62-1c68-4038-865a-017e11fd6a49"
          ],
          "failures": [
            "dc19c7ab-fc43-43c4-9079-a7ec93104ea0"
          ],
          "pending": [],
          "skipped": [],
          "duration": 60201,
          "root": false,
          "rootEmpty": false,
          "_timeout": null
        }
      ],
      "passes": [],
      "failures": [],
      "pending": [],
      "skipped": [],
      "duration": 0,
      "root": true,
      "rootEmpty": true,
      "_timeout": 0
    }
  ],
  "meta": {
    "mocha": {
      "version": "10.2.0"
    },
    "mochawesome": {
      "options": {
        "quiet": false,
        "reportFilename": "mochawesome",
        "saveHtml": true,
        "saveJson": true,
        "consoleReporter": "spec",
        "useInlineDiffs": false,
        "code": true
      },
      "version": "7.1.3"
    },
    "marge": {
      "options": null,
      "version": "6.2.0"
    }
  }
}